Touchless-Control-App/app/build/intermediates/manifest_merge_blame_file/debug/manifest-merger-blame-debug-report.txt
1<?xml version="1.0" encoding="utf-8"?>
2<manifest xmlns:android="http://schemas.android.com/apk/res/android"
3    package="com.teamSLL.mlkit"
4    android:installLocation="auto"
5    android:versionCode="11"
6    android:versionName="1.11" >
7    <!--
8 CameraX libraries require minSdkVersion 21, while this quickstart app
9    supports low to 19. Needs to use overrideLibrary to make the merger tool
10    ignore this conflict and import the libraries while keeping the app's lower
11    minSdkVersion value. In code, will check SDK version, before calling CameraX
12    minSdkVersion value. In code, will check SDK version, before calling CameraX
13    APIs.
14    -->
15    <uses-sdk
15-->src\main\AndroidManifest.xml:13:5-16:63
16        android:minSdkVersion="19"
16-->src\main\AndroidManifest.xml:13:5-16:63
17        android:targetSdkVersion="31" />
17-->src\main\AndroidManifest.xml:13:5-16:63
18
19    <uses-feature android:name="android.hardware.camera" />
19-->src\main\AndroidManifest.xml:18:5-59
19-->src\main\AndroidManifest.xml:18:19-57
20
21    <uses-permission android:name="android.permission.INTERNET" />
21-->src\main\AndroidManifest.xml:20:5-66
21-->src\main\AndroidManifest.xml:20:22-64
22    <uses-permission android:name="android.permission.MICROPHONE" />
22-->src\main\AndroidManifest.xml:21:5-69
22-->src\main\AndroidManifest.xml:21:22-66
23    <uses-permission android:name="android.permission.RECORD_AUDIO" />
23-->src\main\AndroidManifest.xml:22:5-71
23-->src\main\AndroidManifest.xml:22:22-68
24    <uses-permission android:name="android.permission.WRITE_EXTERNAL_STORAGE" />
24-->src\main\AndroidManifest.xml:23:5-80
24-->src\main\AndroidManifest.xml:23:22-78
25    <uses-permission android:name="android.permission.READ_EXTERNAL_STORAGE" />
25-->src\main\AndroidManifest.xml:24:5-79
25-->src\main\AndroidManifest.xml:24:22-77
26    <uses-permission android:name="android.permission.CAMERA" />
26-->src\main\AndroidManifest.xml:25:5-64
26-->src\main\AndroidManifest.xml:25:22-62
27
28    <queries>
28-->src\main\AndroidManifest.xml:57:5-61:15
29        <intent>
29-->src\main\AndroidManifest.xml:58:9-60:18
30            <action android:name="android.media.action.IMAGE_CAPTURE" />
30-->src\main\AndroidManifest.xml:59:13-73
30-->src\main\AndroidManifest.xml:59:21-70
31        </intent>
32    </queries>
33    <queries>
33-->src\main\AndroidManifest.xml:57:5-61:15
34        <intent>
34-->src\main\AndroidManifest.xml:63:5-65:14
35            <action android:name="com.google.android.youtube.api.service.START" />
35-->src\main\AndroidManifest.xml:64:9-79
35-->src\main\AndroidManifest.xml:64:17-76
36        </intent>
37    </queries>
38    <queries>
38-->src\main\AndroidManifest.xml:57:5-61:15
39        <intent>
39-->src\main\AndroidManifest.xml:68:9-70:18
40            <action android:name="android.speech.RecognitionService" />
40-->src\main\AndroidManifest.xml:69:13-72
40-->src\main\AndroidManifest.xml:69:21-69
41        </intent>
42    </queries>
43    <!-- Although the *SdkVersion is captured in gradle build files, this is required for non gradle builds -->
44    <!-- <uses-sdk android:minSdkVersion="14"/> -->
45    <uses-permission android:name="android.permission.ACCESS_NETWORK_STATE" />
45-->[com.google.android.datatransport:transport-backend-cct:2.3.3] AndroidManifest.xml:25:5-79
45-->[com.google.android.datatransport:transport-backend-cct:2.3.3] AndroidManifest.xml:25:22-76
46
47    <application
47-->src\main\AndroidManifest.xml:27:5-56:19
48        android:name="androidx.multidex.MultiDexApplication"
48-->src\main\AndroidManifest.xml:28:9-61
49        android:appComponentFactory="androidx.core.app.CoreComponentFactory"
49-->[androidx.core:core:1.3.2] AndroidManifest.xml:24:18-86
50        android:debuggable="true"
51        android:icon="@drawable/logo_mlkit"
51-->src\main\AndroidManifest.xml:29:9-44
52        android:label="@string/app_name"
52-->src\main\AndroidManifest.xml:30:9-41
53        android:testOnly="true"
54        android:theme="@style/Theme.AppCompat.Light.NoActionBar"
54-->src\main\AndroidManifest.xml:32:9-65
55        android:usesCleartextTraffic="true" >
55-->src\main\AndroidManifest.xml:31:9-44
56        <meta-data
56-->src\main\AndroidManifest.xml:34:9-36:68
57            android:name="com.teamSLL.android.gms.version"
57-->src\main\AndroidManifest.xml:35:13-59
58            android:value="@integer/google_play_services_version" />
58-->src\main\AndroidManifest.xml:36:13-66
59
60        <!--
61          Optional: Add it to automatically download ML model to device after
62          your app is installed.
63        -->
64        <meta-data
64-->src\main\AndroidManifest.xml:40:9-42:62
65            android:name="com.teamSLL.mlkit.DEPENDENCIES"
65-->src\main\AndroidManifest.xml:41:13-58
66            android:value="barcode,face,ocr,ica,custom_ica" />
66-->src\main\AndroidManifest.xml:42:13-60
67
68        <activity
68-->src\main\AndroidManifest.xml:45:9-54:20
69            android:name="com.teamSLL.mlkit.MainActivity"
69-->src\main\AndroidManifest.xml:46:13-58
70            android:exported="true"
70-->src\main\AndroidManifest.xml:47:13-36
71            android:screenOrientation="landscape"
71-->src\main\AndroidManifest.xml:48:13-50
72            android:theme="@style/Theme.AppCompat.Light.NoActionBar" >
72-->src\main\AndroidManifest.xml:49:13-69
73            <intent-filter>
73-->src\main\AndroidManifest.xml:50:13-53:29
74                <action android:name="android.intent.action.MAIN" />
74-->src\main\AndroidManifest.xml:51:17-68
74-->src\main\AndroidManifest.xml:51:25-66
75
76                <category android:name="android.intent.category.LAUNCHER" />
76-->src\main\AndroidManifest.xml:52:17-76
76-->src\main\AndroidManifest.xml:52:27-74
77            </intent-filter>
78        </activity>
79
80        <service
80-->[com.google.android.gms:play-services-mlkit-face-detection:17.0.1] AndroidManifest.xml:9:9-15:19
81            android:name="com.google.mlkit.common.internal.MlKitComponentDiscoveryService"
81-->[com.google.android.gms:play-services-mlkit-face-detection:17.0.1] AndroidManifest.xml:10:13-91
82            android:directBootAware="true"
82-->[com.google.mlkit:common:18.1.0] AndroidManifest.xml:17:13-43
83            android:exported="false" >
83-->[com.google.android.gms:play-services-mlkit-face-detection:17.0.1] AndroidManifest.xml:11:13-37
84            <meta-data
84-->[com.google.android.gms:play-services-mlkit-face-detection:17.0.1] AndroidManifest.xml:12:13-14:85
85                android:name="com.google.firebase.components:com.google.mlkit.vision.face.internal.FaceRegistrar"
85-->[com.google.android.gms:play-services-mlkit-face-detection:17.0.1] AndroidManifest.xml:13:17-114
86                android:value="com.google.firebase.components.ComponentRegistrar" />
86-->[com.google.android.gms:play-services-mlkit-face-detection:17.0.1] AndroidManifest.xml:14:17-82
87            <meta-data
87-->[com.google.mlkit:vision-common:17.1.0] AndroidManifest.xml:12:13-14:85
88                android:name="com.google.firebase.components:com.google.mlkit.vision.common.internal.VisionCommonRegistrar"
88-->[com.google.mlkit:vision-common:17.1.0] AndroidManifest.xml:13:17-124
89                android:value="com.google.firebase.components.ComponentRegistrar" />
89-->[com.google.mlkit:vision-common:17.1.0] AndroidManifest.xml:14:17-82
90            <meta-data
90-->[com.google.mlkit:common:18.1.0] AndroidManifest.xml:20:13-22:85
91                android:name="com.google.firebase.components:com.google.mlkit.common.internal.CommonComponentRegistrar"
91-->[com.google.mlkit:common:18.1.0] AndroidManifest.xml:21:17-120
92                android:value="com.google.firebase.components.ComponentRegistrar" />
92-->[com.google.mlkit:common:18.1.0] AndroidManifest.xml:22:17-82
93        </service>
94
95        <provider
95-->[com.google.mlkit:common:18.1.0] AndroidManifest.xml:9:9-13:38
96            android:name="com.google.mlkit.common.internal.MlKitInitProvider"
96-->[com.google.mlkit:common:18.1.0] AndroidManifest.xml:10:13-78
97            android:authorities="com.teamSLL.mlkit.mlkitinitprovider"
97-->[com.google.mlkit:common:18.1.0] AndroidManifest.xml:11:13-69
98            android:exported="false"
98-->[com.google.mlkit:common:18.1.0] AndroidManifest.xml:12:13-37
99            android:initOrder="99" />
99-->[com.google.mlkit:common:18.1.0] AndroidManifest.xml:13:13-35
100
101        <activity
101-->[com.google.android.gms:play-services-base:18.0.1] AndroidManifest.xml:20:9-22:45
102            android:name="com.google.android.gms.common.api.GoogleApiActivity"
102-->[com.google.android.gms:play-services-base:18.0.1] AndroidManifest.xml:20:19-85
103            android:exported="false"
103-->[com.google.android.gms:play-services-base:18.0.1] AndroidManifest.xml:22:19-43
104            android:theme="@android:style/Theme.Translucent.NoTitleBar" />
104-->[com.google.android.gms:play-services-base:18.0.1] AndroidManifest.xml:21:19-78
105
106        <meta-data
106-->[com.google.android.gms:play-services-basement:18.0.0] AndroidManifest.xml:21:9-23:69
107            android:name="com.google.android.gms.version"
107-->[com.google.android.gms:play-services-basement:18.0.0] AndroidManifest.xml:22:13-58
108            android:value="@integer/google_play_services_version" />
108-->[com.google.android.gms:play-services-basement:18.0.0] AndroidManifest.xml:23:13-66
109
110        <service
110-->[com.google.android.datatransport:transport-backend-cct:2.3.3] AndroidManifest.xml:29:9-35:19
111            android:name="com.google.android.datatransport.runtime.backends.TransportBackendDiscovery"
111-->[com.google.android.datatransport:transport-backend-cct:2.3.3] AndroidManifest.xml:30:13-103
112            android:exported="false" >
112-->[com.google.android.datatransport:transport-backend-cct:2.3.3] AndroidManifest.xml:31:13-37
113            <meta-data
113-->[com.google.android.datatransport:transport-backend-cct:2.3.3] AndroidManifest.xml:32:13-34:39
114                android:name="backend:com.google.android.datatransport.cct.CctBackendFactory"
114-->[com.google.android.datatransport:transport-backend-cct:2.3.3] AndroidManifest.xml:33:17-94
115                android:value="cct" />
115-->[com.google.android.datatransport:transport-backend-cct:2.3.3] AndroidManifest.xml:34:17-36
116        </service>
117        <service
117-->[com.google.android.datatransport:transport-runtime:2.2.6] AndroidManifest.xml:26:9-30:19
118            android:name="com.google.android.datatransport.runtime.scheduling.jobscheduling.JobInfoSchedulerService"
118-->[com.google.android.datatransport:transport-runtime:2.2.6] AndroidManifest.xml:27:13-117
119            android:exported="false"
119-->[com.google.android.datatransport:transport-runtime:2.2.6] AndroidManifest.xml:28:13-37
120            android:permission="android.permission.BIND_JOB_SERVICE" >
120-->[com.google.android.datatransport:transport-runtime:2.2.6] AndroidManifest.xml:29:13-69
121        </service>
122
123        <receiver
123-->[com.google.android.datatransport:transport-runtime:2.2.6] AndroidManifest.xml:32:9-34:40
124            android:name="com.google.android.datatransport.runtime.scheduling.jobscheduling.AlarmManagerSchedulerBroadcastReceiver"
124-->[com.google.android.datatransport:transport-runtime:2.2.6] AndroidManifest.xml:33:13-132
125            android:exported="false" />
125-->[com.google.android.datatransport:transport-runtime:2.2.6] AndroidManifest.xml:34:13-37
126    </application>
127
128</manifest>